0 verbose cli /usr/local/bin/node /usr/local/lib/node_modules/npm/bin/npm-cli.js
1 info using npm@10.1.0
2 info using node@v20.8.0
3 timing npm:load:whichnode Completed in 0ms
4 timing config:load:defaults Completed in 0ms
5 timing config:load:file:/usr/local/lib/node_modules/npm/npmrc Completed in 1ms
6 timing config:load:builtin Completed in 1ms
7 timing config:load:cli Completed in 1ms
8 timing config:load:env Completed in 0ms
9 timing config:load:file:/Users/h.o.g.l./Downloads/capital_prop-main/.npmrc Completed in 0ms
10 timing config:load:project Completed in 2ms
11 timing config:load:file:/Users/h.o.g.l./.npmrc Completed in 1ms
12 timing config:load:user Completed in 1ms
13 timing config:load:file:/usr/local/etc/npmrc Completed in 0ms
14 timing config:load:global Completed in 0ms
15 timing config:load:setEnvs Completed in 1ms
16 timing config:load Completed in 6ms
17 timing npm:load:configload Completed in 6ms
18 timing config:load:flatten Completed in 2ms
19 timing npm:load:mkdirpcache Completed in 0ms
20 timing npm:load:mkdirplogs Completed in 0ms
21 verbose title npm exec react-native run-ios
22 verbose argv "exec" "--" "react-native" "run-ios"
23 timing npm:load:setTitle Completed in 6ms
24 timing npm:load:display Completed in 0ms
25 verbose logfile logs-max:10 dir:/Users/h.o.g.l./Downloads/capital_prop-main/npm-local-cache/_logs/2025-05-15T23_09_34_356Z-
26 verbose logfile /Users/h.o.g.l./Downloads/capital_prop-main/npm-local-cache/_logs/2025-05-15T23_09_34_356Z-debug-0.log
27 timing npm:load:logFile Completed in 4ms
28 timing npm:load:timers Completed in 0ms
29 timing npm:load:configScope Completed in 0ms
30 timing npm:load Completed in 27ms
31 silly logfile done cleaning log files
32 http fetch GET 200 https://registry.npmjs.org/npm 200ms (cache miss)
33 timing command:exec Completed in 660060ms
34 notice
34 notice New [31mmajor[39m version of npm available! [31m10.1.0[39m -> [32m11.4.0[39m
34 notice Changelog: [36mhttps://github.com/npm/cli/releases/tag/v11.4.0[39m
34 notice Run [32mnpm install -g npm@11.4.0[39m to update!
34 notice
35 verbose exit 1
36 timing npm Completed in 660222ms
37 verbose code 1
